{
  "numTotalTestSuites": 10,
  "numPassedTestSuites": 10,
  "numFailedTestSuites": 0,
  "numPendingTestSuites": 0,
  "numTotalTests": 16,
  "numPassedTests": 16,
  "numFailedTests": 0,
  "numPendingTests": 0,
  "numTodoTests": 0,
  "startTime": 1657262577125,
  "success": true,
  "testResults": [
    {
      "assertionResults": [
        {
          "ancestorTitles": [
            "",
            "Create Tabs"
          ],
          "fullName": " Create Tabs 测试通过",
          "status": "passed",
          "title": "测试通过",
          "duration": 3,
          "failureMessages": []
        }
      ],
      "startTime": 1657262578227,
      "endTime": 1657262578230,
      "status": "passed",
      "message": "",
      "name": "D:/220507_npm/sampung-ui/src/components/tabs/tabs.spec.ts"
    },
    {
      "assertionResults": [
        {
          "ancestorTitles": [
            "",
            "Resolve unique ID"
          ],
          "fullName": " Resolve unique ID Get ID",
          "status": "passed",
          "title": "Get ID",
          "duration": 3,
          "failureMessages": []
        },
        {
          "ancestorTitles": [
            "",
            "Resolve unique ID"
          ],
          "fullName": " Resolve unique ID Validate whether unique",
          "status": "passed",
          "title": "Validate whether unique",
          "duration": 0,
          "failureMessages": []
        },
        {
          "ancestorTitles": [
            "",
            "Resolve Dateset"
          ],
          "fullName": " Resolve Dateset Get type of dataset",
          "status": "passed",
          "title": "Get type of dataset",
          "duration": 0,
          "failureMessages": []
        },
        {
          "ancestorTitles": [
            "",
            "Resolve Dateset"
          ],
          "fullName": " Resolve Dateset Get length of keys of dataset",
          "status": "passed",
          "title": "Get length of keys of dataset",
          "duration": 0,
          "failureMessages": []
        },
        {
          "ancestorTitles": [
            "",
            "Resolve Dateset"
          ],
          "fullName": " Resolve Dateset Get disabled of dataset",
          "status": "passed",
          "title": "Get disabled of dataset",
          "duration": 1,
          "failureMessages": []
        },
        {
          "ancestorTitles": [
            "",
            "Resolve Dateset"
          ],
          "fullName": " Resolve Dateset Get legend of dataset",
          "status": "passed",
          "title": "Get legend of dataset",
          "duration": 0,
          "failureMessages": []
        },
        {
          "ancestorTitles": [
            "",
            "Resolve Dateset"
          ],
          "fullName": " Resolve Dateset Get limit of dataset",
          "status": "passed",
          "title": "Get limit of dataset",
          "duration": 0,
          "failureMessages": []
        },
        {
          "ancestorTitles": [
            "",
            "Resolve Dateset"
          ],
          "fullName": " Resolve Dateset Get offset of dataset",
          "status": "passed",
          "title": "Get offset of dataset",
          "duration": 0,
          "failureMessages": []
        },
        {
          "ancestorTitles": [
            "",
            "Resolve Dateset"
          ],
          "fullName": " Resolve Dateset Get readonly of dataset",
          "status": "passed",
          "title": "Get readonly of dataset",
          "duration": 0,
          "failureMessages": []
        },
        {
          "ancestorTitles": [
            "",
            "Resolve Dateset"
          ],
          "fullName": " Resolve Dateset Get total of dataset",
          "status": "passed",
          "title": "Get total of dataset",
          "duration": 0,
          "failureMessages": []
        },
        {
          "ancestorTitles": [
            "",
            "Resolve Dateset"
          ],
          "fullName": " Resolve Dateset Get success of dataset",
          "status": "passed",
          "title": "Get success of dataset",
          "duration": 1,
          "failureMessages": []
        }
      ],
      "startTime": 1657262578233,
      "endTime": 1657262578238,
      "status": "passed",
      "message": "",
      "name": "D:/220507_npm/sampung-ui/tests/attributes.spec.ts"
    },
    {
      "assertionResults": [
        {
          "ancestorTitles": [
            "",
            "Resolve Bem with ([test])"
          ],
          "fullName": " Resolve Bem with ([test]) Resolve Bem",
          "status": "passed",
          "title": "Resolve Bem",
          "duration": 3,
          "failureMessages": []
        },
        {
          "ancestorTitles": [
            "",
            "Resolve Bem with (button, [disabled])"
          ],
          "fullName": " Resolve Bem with (button, [disabled]) Resolve Bem",
          "status": "passed",
          "title": "Resolve Bem",
          "duration": 0,
          "failureMessages": []
        },
        {
          "ancestorTitles": [
            "",
            "Resolve Bem with (button, [disabled, loading])"
          ],
          "fullName": " Resolve Bem with (button, [disabled, loading]) Resolve Bem",
          "status": "passed",
          "title": "Resolve Bem",
          "duration": 0,
          "failureMessages": []
        },
        {
          "ancestorTitles": [
            "",
            "Resolve Bem with (button)"
          ],
          "fullName": " Resolve Bem with (button) Resolve Bem",
          "status": "passed",
          "title": "Resolve Bem",
          "duration": 1,
          "failureMessages": []
        }
      ],
      "startTime": 1657262578278,
      "endTime": 1657262578283,
      "status": "passed",
      "message": "",
      "name": "D:/220507_npm/sampung-ui/tests/namespace.spec.ts"
    }
  ]
}